TN:
SF:D:\Projects\Git_Projects\test-project\src\components\Example\index.vue
FN:26,(anonymous_1)
FNF:1
FNH:1
FNDA:2,(anonymous_1)
DA:14,1
DA:27,2
LF:2
LH:2
BRF:0
BRH:0
end_of_record
TN:
SF:D:\Projects\Git_Projects\test-project\src\components\ImageViewer\index.vue
FN:54,(anonymous_1)
FN:57,(anonymous_2)
FN:60,(anonymous_3)
FNF:3
FNH:3
FNDA:1,(anonymous_1)
FNDA:2,(anonymous_2)
FNDA:1,(anonymous_3)
DA:30,1
DA:32,1
DA:33,1
DA:55,1
DA:58,2
DA:61,1
LF:6
LH:6
BRF:0
BRH:0
end_of_record
TN:
SF:D:\Projects\Git_Projects\test-project\src\components\ImageZoom\index.vue
FN:30,(anonymous_1)
FN:42,(anonymous_2)
FN:46,(anonymous_3)
FN:59,(anonymous_4)
FN:62,(anonymous_5)
FN:65,(anonymous_6)
FN:114,(anonymous_7)
FNF:7
FNH:7
FNDA:5,(anonymous_1)
FNDA:5,(anonymous_2)
FNDA:5,(anonymous_3)
FNDA:2,(anonymous_4)
FNDA:1,(anonymous_5)
FNDA:2,(anonymous_6)
FNDA:2,(anonymous_7)
DA:25,2
DA:31,5
DA:43,5
DA:47,5
DA:48,5
DA:49,5
DA:50,1
DA:52,4
DA:53,4
DA:54,4
DA:55,4
DA:56,4
DA:60,2
DA:63,1
DA:66,2
DA:67,1
DA:71,2
DA:72,2
DA:73,2
DA:76,2
DA:77,2
DA:79,2
DA:80,2
DA:84,2
DA:87,2
DA:90,2
DA:91,2
DA:92,2
DA:95,2
DA:96,0
DA:98,2
DA:99,0
DA:101,2
DA:102,0
DA:104,2
DA:105,0
DA:108,2
DA:109,2
DA:111,2
DA:115,2
DA:116,2
DA:117,2
DA:119,2
DA:120,2
DA:123,2
DA:124,2
DA:127,2
DA:128,2
DA:129,2
LF:49
LH:45
BRDA:49,0,0,1
BRDA:49,0,1,4
BRDA:66,1,0,1
BRDA:66,1,1,1
BRDA:95,2,0,0
BRDA:95,2,1,2
BRDA:98,3,0,0
BRDA:98,3,1,2
BRDA:101,4,0,0
BRDA:101,4,1,2
BRDA:104,5,0,0
BRDA:104,5,1,2
BRDA:117,6,0,2
BRDA:117,6,1,0
BRF:14
BRH:9
end_of_record
TN:
SF:D:\Projects\Git_Projects\test-project\src\components\SideBar\index.vue
FN:45,(anonymous_1)
FN:50,(anonymous_2)
FN:53,(anonymous_3)
FN:61,(anonymous_4)
FNF:4
FNH:4
FNDA:8,(anonymous_1)
FNDA:1,(anonymous_2)
FNDA:2,(anonymous_3)
FNDA:1,(anonymous_4)
DA:25,1
DA:46,8
DA:51,1
DA:54,2
DA:55,1
DA:57,1
DA:58,1
DA:62,1
LF:8
LH:8
BRDA:54,0,0,1
BRDA:54,0,1,1
BRF:2
BRH:2
end_of_record
TN:
SF:D:\Projects\Git_Projects\test-project\src\components\SkillRating\index.vue
FN:36,(anonymous_1)
FNF:1
FNH:1
FNDA:3,(anonymous_1)
DA:37,3
LF:1
LH:1
BRF:0
BRH:0
end_of_record
TN:
SF:D:\Projects\Git_Projects\test-project\src\components\UpperBar\index.vue
FN:43,(anonymous_1)
FN:61,(anonymous_2)
FN:64,(anonymous_3)
FN:72,(anonymous_4)
FN:75,(anonymous_5)
FNF:5
FNH:5
FNDA:5,(anonymous_1)
FNDA:1,(anonymous_2)
FNDA:2,(anonymous_3)
FNDA:1,(anonymous_4)
FNDA:1,(anonymous_5)
DA:37,1
DA:44,5
DA:62,1
DA:65,2
DA:66,1
DA:68,1
DA:69,1
DA:73,1
DA:76,1
LF:9
LH:9
BRDA:65,0,0,1
BRDA:65,0,1,1
BRF:2
BRH:2
end_of_record
