TN:
SF:D:\Projects\Git_Projects\test-project\src\components\Example\index.vue
FN:26,(anonymous_1)
FNF:1
FNH:1
FNDA:2,(anonymous_1)
DA:14,1
DA:27,2
LF:2
LH:2
BRF:0
BRH:0
end_of_record
TN:
SF:D:\Projects\Git_Projects\test-project\src\components\ImageViewer\index.vue
FN:30,(anonymous_1)
FN:43,(anonymous_2)
FN:46,(anonymous_3)
FN:51,(anonymous_4)
FN:55,(anonymous_5)
FN:58,(anonymous_6)
FNF:6
FNH:0
FNDA:0,(anonymous_1)
FNDA:0,(anonymous_2)
FNDA:0,(anonymous_3)
FNDA:0,(anonymous_4)
FNDA:0,(anonymous_5)
FNDA:0,(anonymous_6)
DA:21,1
DA:23,1
DA:31,0
DA:44,0
DA:47,0
DA:48,0
DA:56,0
DA:59,0
LF:8
LH:2
BRF:0
BRH:0
end_of_record
TN:
SF:D:\Projects\Git_Projects\test-project\src\components\ImageZoom\index.vue
FN:20,(anonymous_1)
FN:33,(anonymous_2)
FN:37,(anonymous_3)
FN:45,(anonymous_4)
FNF:4
FNH:4
FNDA:5,(anonymous_1)
FNDA:5,(anonymous_2)
FNDA:5,(anonymous_3)
FNDA:1,(anonymous_4)
DA:14,2
DA:21,5
DA:34,5
DA:38,5
DA:39,5
DA:40,5
DA:46,1
LF:7
LH:7
BRF:0
BRH:0
end_of_record
TN:
SF:D:\Projects\Git_Projects\test-project\src\components\SideBar\index.vue
FN:38,(anonymous_1)
FN:43,(anonymous_2)
FN:46,(anonymous_3)
FNF:3
FNH:3
FNDA:6,(anonymous_1)
FNDA:1,(anonymous_2)
FNDA:1,(anonymous_3)
DA:21,1
DA:39,6
DA:44,1
DA:47,1
LF:4
LH:4
BRF:0
BRH:0
end_of_record
TN:
SF:D:\Projects\Git_Projects\test-project\src\components\UpperBar\index.vue
FN:46,(anonymous_1)
FN:51,(anonymous_2)
FN:54,(anonymous_3)
FNF:3
FNH:3
FNDA:4,(anonymous_1)
FNDA:1,(anonymous_2)
FNDA:1,(anonymous_3)
DA:29,1
DA:47,4
DA:52,1
DA:55,1
LF:4
LH:4
BRF:0
BRH:0
end_of_record
